{"name": "test_product_search", "status": "failed", "statusDetails": {"message": "AssertionError: Locator expected to have count '6'\nActual value: 3 \nCall log:\n  - Expect \"to_have_count\" with timeout 5000ms\n  - waiting for locator(\"h4 > a\")\n    9 × locator resolved to 3 elements\n      - unexpected value \"3\"", "trace": "page = <Page url='https://naveenautomationlabs.com/opencart/index.php?route=product/search&search=MacBook'>\n\n    def test_product_search(page):\n        \"\"\"\n        Automated Test Case: Verify that a user can successfully search for a product.\n        \"\"\"\n    \n        # --- Test Data ---\n        product_name = Config.product_name  # Retrieve product name from configuration file\n    \n        # --- Page Object Initialization ---\n        home_page = HomePage(page)\n        search_results_page = SearchResultsPage(page)\n    \n        # --- Step 1: Enter Product Name in Search Box ---\n        home_page.enter_product_name(product_name)\n    \n        # --- Step 2: Click on Search Button ---\n        home_page.click_search()\n        time.sleep(3)\n>       expect(search_results_page.get_product_count()).to_have_count(6)\nE       AssertionError: Locator expected to have count '6'\nE       Actual value: 3 \nE       Call log:\nE         - Expect \"to_have_count\" with timeout 5000ms\nE         - waiting for locator(\"h4 > a\")\nE           9 × locator resolved to 3 elements\nE             - unexpected value \"3\"\n\ntest/test_product_search.py:46: AssertionError"}, "description": "\nAutomated Test Case: Verify that a user can successfully search for a product.\n", "attachments": [{"name": "stdout", "source": "74a20ec0-899a-43d5-9e0a-ca00b9adedb8-attachment.txt", "type": "text/plain"}], "start": 1761383814775, "stop": 1761383823057, "uuid": "2772db80-b306-4b60-9be0-a10bc8414f18", "historyId": "3c1b9e77a896d661b52b31aa33f84c8d", "testCaseId": "3c1b9e77a896d661b52b31aa33f84c8d", "fullName": "test.test_product_search#test_product_search", "labels": [{"name": "parentSuite", "value": "test"}, {"name": "suite", "value": "test_product_search"}, {"name": "host", "value": "Ushas-MacBook-Air.local"}, {"name": "thread", "value": "6784-MainThread"}, {"name": "framework", "value": "pytest"}, {"name": "language", "value": "cpython3"}, {"name": "package", "value": "test.test_product_search"}], "titlePath": ["test", "test_product_search.py"]}